<?xml version="1.0" encoding="UTF-8"?>
<testsuites name="Create Book Appointment" time="737.462" tests="1" failures="1" errors="0">
   <testsuite name="Create Book Appointment" tests="1" failures="1" errors="0" time="737.462" skipped="0" timestamp="24-01-2024T10:18:24" hostname="1722 - LAPTOP-OM51GH8M" id="Test Suites/CURA Health/Create Book Appointment">
      <properties>
         <property name="deviceName" value="Samsung Samsung Galaxy Tab S9 Plus"/>
         <property name="devicePlatform" value="ANDROID"/>
         <property name="logFolder" value="D:\\AI Testing\\AI_Testing\\Reports\\20240124_101614\\CURA Health\\Create Book Appointment\\20240124_101617"/>
         <property name="logFiles" value="D:\\AI Testing\\AI_Testing\\Reports\\20240124_101614\\CURA Health\\Create Book Appointment\\20240124_101617\\execution0.log"/>
         <property name="attachments" value="D:\\AI Testing\\AI_Testing\\Reports\\20240124_101614\\CURA Health\\Create Book Appointment\\20240124_101617\\1706066496516.png, D:\\AI Testing\\AI_Testing\\Reports\\20240124_101614\\CURA Health\\Create Book Appointment\\20240124_101617\\1706066677816.png, D:\\AI Testing\\AI_Testing\\Reports\\20240124_101614\\CURA Health\\Create Book Appointment\\20240124_101617\\1706066863056.png, D:\\AI Testing\\AI_Testing\\Reports\\20240124_101614\\CURA Health\\Create Book Appointment\\20240124_101617\\1706067037447.png"/>
         <property name="hostName" value="1722 - LAPTOP-OM51GH8M"/>
         <property name="remoteDriverUrl" value="testcloud.katalon.com/hub"/>
         <property name="desiredCapabilities" value="{&#xa;  &quot;appPackage&quot;: &quot;com.android.chrome&quot;,&#xa;  &quot;chromedriverPorts&quot;: [&#xa;    [&#xa;      3110,&#xa;      3120&#xa;    ]&#xa;  ],&#xa;  &quot;testobject_test_report_url&quot;: &quot;https://app.*********.com/tests/5cf2e1eb29584ae6bc3b75fe1e395b19&quot;,&#xa;  &quot;deviceName&quot;: &quot;Samsung Samsung Galaxy Tab S9 Plus&quot;,&#xa;  &quot;adbHost&quot;: &quot;172.20.0.102&quot;,&#xa;  &quot;***:options&quot;: {&#xa;    &quot;name&quot;: &quot;TestCloud Automated Test Session &quot;,&#xa;    &quot;build&quot;: &quot;TestCloud Automated Test Session &quot;&#xa;  },&#xa;  &quot;browserVersion&quot;: &quot;120.0.0.0&quot;,&#xa;  &quot;webStorageEnabled&quot;: false,&#xa;  &quot;browserName&quot;: &quot;Chrome&quot;,&#xa;  &quot;javascriptEnabled&quot;: true,&#xa;  &quot;remoteAppsCacheLimit&quot;: 0,&#xa;  &quot;systemPort&quot;: 21105,&#xa;  &quot;adbPort&quot;: 17105,&#xa;  &quot;usedCachedDevice&quot;: false,&#xa;  &quot;version&quot;: &quot;latest&quot;,&#xa;  &quot;appActivity&quot;: &quot;com.google.android.apps.chrome.Main&quot;,&#xa;  &quot;proxy&quot;: {&#xa;    &quot;proxyType&quot;: &quot;DIRECT&quot;,&#xa;    &quot;autodetect&quot;: false&#xa;  },&#xa;  &quot;chromedriverChromeMappingFile&quot;: &quot;/root/.testobject_devices/work/chromedriver-mapping.json&quot;,&#xa;  &quot;appiumData&quot;: {&#xa;    &quot;appiumVersion&quot;: &quot;1.22.2&quot;,&#xa;    &quot;automationName&quot;: &quot;UiAutomator2&quot;&#xa;  },&#xa;  &quot;pixelRatio&quot;: 2.125,&#xa;  &quot;deviceScreenDensity&quot;: 340,&#xa;  &quot;appium:deviceName&quot;: &quot;Samsung_Galaxy_Tab_S9_Plus_real_us&quot;,&#xa;  &quot;suppressKillServer&quot;: true,&#xa;  &quot;testobject_user_id&quot;: &quot;coty_katalon&quot;,&#xa;  &quot;statBarHeight&quot;: 51,&#xa;  &quot;testobject_device_name&quot;: &quot;Samsung Galaxy Tab S9 Plus&quot;,&#xa;  &quot;viewportRect&quot;: {&#xa;    &quot;left&quot;: 0,&#xa;    &quot;top&quot;: 51,&#xa;    &quot;width&quot;: 2800,&#xa;    &quot;height&quot;: 1599&#xa;  },&#xa;  &quot;testobject_device_session_id&quot;: &quot;0ed8698e-77bf-420b-9e41-d32eb51016f1&quot;,&#xa;  &quot;uiautomator2ServerInstallTimeout&quot;: 60000,&#xa;  &quot;platform&quot;: &quot;ANDROID&quot;,&#xa;  &quot;deviceUDID&quot;: &quot;R52W70B8JGY&quot;,&#xa;  &quot;jobUuid&quot;: &quot;5cf2e1eb29584ae6bc3b75fe1e395b19&quot;,&#xa;  &quot;desired&quot;: {&#xa;    &quot;proxy&quot;: {&#xa;      &quot;proxyType&quot;: &quot;direct&quot;&#xa;    },&#xa;    &quot;browserVersion&quot;: &quot;latest&quot;,&#xa;    &quot;browserName&quot;: &quot;Chrome&quot;,&#xa;    &quot;katalon:option&quot;: {&#xa;      &quot;unlimitedExecutionMinutes&quot;: true,&#xa;      &quot;deviceVersion&quot;: &quot;13&quot;,&#xa;      &quot;deviceId&quot;: &quot;samsung_galaxy_tab_s9_plus&quot;,&#xa;      &quot;userId&quot;: 1420953,&#xa;      &quot;organizationId&quot;: &quot;1378372&quot;,&#xa;      &quot;class&quot;: &quot;com.katalon.testcloud.grid.common.tunnel.domain.UserOptionCapability&quot;,&#xa;      &quot;runFromTestCloud&quot;: true,&#xa;      &quot;usingTunnel&quot;: false&#xa;    },&#xa;    &quot;platformName&quot;: &quot;Android&quot;,&#xa;    &quot;***:options&quot;: {&#xa;      &quot;name&quot;: &quot;TestCloud Automated Test Session &quot;,&#xa;      &quot;build&quot;: &quot;TestCloud Automated Test Session &quot;&#xa;    },&#xa;    &quot;***:chromeOptions&quot;: {&#xa;      &quot;androidDevToolsPort&quot;: 22305&#xa;    },&#xa;    &quot;remoteAdbHost&quot;: &quot;172.20.0.102&quot;,&#xa;    &quot;suppressKillServer&quot;: true,&#xa;    &quot;chromedriverPorts&quot;: [&#xa;      [&#xa;        3110,&#xa;        3120&#xa;      ]&#xa;    ],&#xa;    &quot;chromedriverChromeMappingFile&quot;: &quot;/root/.testobject_devices/work/chromedriver-mapping.json&quot;,&#xa;    &quot;adbPort&quot;: 17105,&#xa;    &quot;uiautomator2ServerInstallTimeout&quot;: 60000,&#xa;    &quot;chromedriverExecutableDir&quot;: &quot;/root/.testobject_devices/work/chromedrivers&quot;,&#xa;    &quot;remoteAppsCacheLimit&quot;: 0,&#xa;    &quot;adbHost&quot;: &quot;172.20.0.102&quot;,&#xa;    &quot;systemPort&quot;: 21105,&#xa;    &quot;chromeOptions&quot;: {&#xa;      &quot;w3c&quot;: true&#xa;    },&#xa;    &quot;deviceName&quot;: &quot;Samsung_Galaxy_Tab_S9_Plus_real_us&quot;&#xa;  },&#xa;  &quot;requestId&quot;: &quot;9c00e99d-bf88-409c-a6a0-3c52983d93e5&quot;,&#xa;  &quot;platformVersion&quot;: &quot;13&quot;,&#xa;  &quot;takesScreenshot&quot;: true,&#xa;  &quot;katalon:option&quot;: {&#xa;    &quot;unlimitedExecutionMinutes&quot;: true,&#xa;    &quot;deviceVersion&quot;: &quot;13&quot;,&#xa;    &quot;deviceId&quot;: &quot;samsung_galaxy_tab_s9_plus&quot;,&#xa;    &quot;userId&quot;: 1420953,&#xa;    &quot;organizationId&quot;: &quot;1378372&quot;,&#xa;    &quot;class&quot;: &quot;com.katalon.testcloud.grid.common.tunnel.domain.UserOptionCapability&quot;,&#xa;    &quot;runFromTestCloud&quot;: true,&#xa;    &quot;usingTunnel&quot;: false&#xa;  },&#xa;  &quot;deviceApiLevel&quot;: 33,&#xa;  &quot;deviceManufacturer&quot;: &quot;samsung&quot;,&#xa;  &quot;platformName&quot;: &quot;ANDROID&quot;,&#xa;  &quot;chromedriverExecutableDir&quot;: &quot;/root/.testobject_devices/work/chromedrivers&quot;,&#xa;  &quot;remoteAdbHost&quot;: &quot;172.20.0.102&quot;,&#xa;  &quot;deviceContextId&quot;: &quot;367e300b-e971-48fb-b38b-cc7e9f94d516&quot;,&#xa;  &quot;deviceScreenSize&quot;: &quot;2800x1752&quot;,&#xa;  &quot;networkConnectionEnabled&quot;: true,&#xa;  &quot;warnings&quot;: {},&#xa;  &quot;testobject_device&quot;: &quot;Samsung_Galaxy_Tab_S9_Plus_real_us&quot;,&#xa;  &quot;databaseEnabled&quot;: false,&#xa;  &quot;se:cdp&quot;: &quot;ws://172.48.33.251:4444/session/ced28719-71c9-46d2-86f9-78c7e1118903/se/cdp&quot;,&#xa;  &quot;testobject_test_report_api_url&quot;: &quot;https://***.*********.com/v1/rdc/jobs/5cf2e1eb29584ae6bc3b75fe1e395b19&quot;,&#xa;  &quot;locationContextEnabled&quot;: false,&#xa;  &quot;***:chromeOptions&quot;: {&#xa;    &quot;androidDevToolsPort&quot;: 22305&#xa;  },&#xa;  &quot;deviceModel&quot;: &quot;SM-X810&quot;,&#xa;  &quot;chromeOptions&quot;: {&#xa;    &quot;w3c&quot;: true&#xa;  }&#xa;}"/>
         <property name="os" value="Windows 11 64bit"/>
         <property name="remoteOS" value="Android"/>
         <property name="katalonVersion" value="9.2.0.212"/>
         <property name="browser" value="Chrome 120.0.0.0"/>
         <property name="hostAddress" value="172.16.0.2"/>
         <property name="sessionId" value="ced28719-71c9-46d2-86f9-78c7e1118903"/>
         <property name="seleniumVersion" value="3.141.59"/>
         <property name="proxyInformation" value="ProxyInformation { proxyOption=NO_PROXY, proxyServerType=HTTP, username=, password=********, proxyServerAddress=, proxyServerPort=0, executionList=&quot;&quot;, isApplyToDesiredCapabilities=true }"/>
         <property name="platform" value="Windows 11"/>
      </properties>
      <testcase name="Test Cases/CURA Health/Create Book Appointment" time="175.18" classname="Test Cases/CURA Health/Create Book Appointment" status="FAILED">
         <failure type="FAILED" message="Test Cases/CURA Health/Create Book Appointment FAILED.&#xa;Reason:&#xa;com.kms.katalon.core.exception.StepFailedException: Unable to click on object 'Object Repository/Create Book Appointment CURA/Page_CURA Healthcare Service/label_Medicaid'&#xa;	at com.kms.katalon.core.webui.keyword.internal.WebUIKeywordMain.stepFailed(WebUIKeywordMain.groovy:64)&#xa;	at com.kms.katalon.core.webui.keyword.internal.WebUIKeywordMain.runKeyword(WebUIKeywordMain.groovy:26)&#xa;	at com.kms.katalon.core.webui.keyword.builtin.ClickKeyword.click(ClickKeyword.groovy:74)&#xa;	at com.kms.katalon.core.webui.keyword.builtin.ClickKeyword.execute(ClickKeyword.groovy:40)&#xa;	at com.kms.katalon.core.keyword.internal.KeywordExecutor.executeKeywordForPlatform(KeywordExecutor.groovy:74)&#xa;	at com.kms.katalon.core.webui.keyword.WebUiBuiltInKeywords.click(WebUiBuiltInKeywords.groovy:659)&#xa;	at Create Book Appointment.run(Create Book Appointment:36)&#xa;	at com.kms.katalon.core.main.ScriptEngine.run(ScriptEngine.java:194)&#xa;	at com.kms.katalon.core.main.ScriptEngine.runScriptAsRawText(ScriptEngine.java:119)&#xa;	at com.kms.katalon.core.main.TestCaseExecutor.runScript(TestCaseExecutor.java:448)&#xa;	at com.kms.katalon.core.main.TestCaseExecutor.doExecute(TestCaseExecutor.java:439)&#xa;	at com.kms.katalon.core.main.TestCaseExecutor.processExecutionPhase(TestCaseExecutor.java:418)&#xa;	at com.kms.katalon.core.main.TestCaseExecutor.accessMainPhase(TestCaseExecutor.java:410)&#xa;	at com.kms.katalon.core.main.TestCaseExecutor.execute(TestCaseExecutor.java:285)&#xa;	at com.kms.katalon.core.main.TestCaseExecutor.execute(TestCaseExecutor.java:369)&#xa;	at com.kms.katalon.core.main.TestCaseExecutor.execute(TestCaseExecutor.java:369)&#xa;	at com.kms.katalon.core.main.TestCaseExecutor.execute(TestCaseExecutor.java:369)&#xa;	at com.kms.katalon.core.common.CommonExecutor.accessTestCaseMainPhase(CommonExecutor.java:65)&#xa;	at com.kms.katalon.core.main.TestSuiteExecutor.accessTestSuiteMainPhase(TestSuiteExecutor.java:148)&#xa;	at com.kms.katalon.core.main.TestSuiteExecutor.execute(TestSuiteExecutor.java:106)&#xa;	at com.kms.katalon.core.main.TestCaseMain.startTestSuite(TestCaseMain.java:180)&#xa;	at TempTestSuite1706066177148.run(TempTestSuite1706066177148.groovy:36)&#xa;	at java.base/jdk.internal.reflect.NativeMethodAccessorImpl.invoke0(Native Method)&#xa;	at java.base/jdk.internal.reflect.NativeMethodAccessorImpl.invoke(NativeMethodAccessorImpl.java:77)&#xa;	at java.base/jdk.internal.reflect.DelegatingMethodAccessorImpl.invoke(DelegatingMethodAccessorImpl.java:43)&#xa;Caused by: com.kms.katalon.core.webui.exception.WebElementNotFoundException: Web element with id: 'Object Repository/Create Book Appointment CURA/Page_CURA Healthcare Service/label_Medicaid' located by '//section[@id='appointment']/div/div/form/div[3]/div/label[2]' not found&#xa;	at com.kms.katalon.core.webui.common.WebUiCommonHelper.findWebElement(WebUiCommonHelper.java:1379)&#xa;	at com.kms.katalon.core.webui.keyword.internal.WebUIAbstractKeyword.findWebElement(WebUIAbstractKeyword.groovy:27)&#xa;	at com.kms.katalon.core.webui.keyword.builtin.ClickKeyword$_click_closure1.doCall(ClickKeyword.groovy:65)&#xa;	at com.kms.katalon.core.webui.keyword.builtin.ClickKeyword$_click_closure1.call(ClickKeyword.groovy)&#xa;	at com.kms.katalon.core.webui.keyword.internal.WebUIKeywordMain.runKeyword(WebUIKeywordMain.groovy:20)&#xa;	... 23 more&#xa;"/>
         <system-out><![CDATA[24-01-2024T10:27:46 - [TEST_CASE][FAILED] - Test Cases/CURA Health/Create Book Appointment: Test Cases/CURA Health/Create Book Appointment FAILED.
Reason:
com.kms.katalon.core.exception.StepFailedException: Unable to click on object 'Object Repository/Create Book Appointment CURA/Page_CURA Healthcare Service/label_Medicaid'
	at com.kms.katalon.core.webui.keyword.internal.WebUIKeywordMain.stepFailed(WebUIKeywordMain.groovy:64)
	at com.kms.katalon.core.webui.keyword.internal.WebUIKeywordMain.runKeyword(WebUIKeywordMain.groovy:26)
	at com.kms.katalon.core.webui.keyword.builtin.ClickKeyword.click(ClickKeyword.groovy:74)
	at com.kms.katalon.core.webui.keyword.builtin.ClickKeyword.execute(ClickKeyword.groovy:40)
	at com.kms.katalon.core.keyword.internal.KeywordExecutor.executeKeywordForPlatform(KeywordExecutor.groovy:74)
	at com.kms.katalon.core.webui.keyword.WebUiBuiltInKeywords.click(WebUiBuiltInKeywords.groovy:659)
	at Create Book Appointment.run(Create Book Appointment:36)
	at com.kms.katalon.core.main.ScriptEngine.run(ScriptEngine.java:194)
	at com.kms.katalon.core.main.ScriptEngine.runScriptAsRawText(ScriptEngine.java:119)
	at com.kms.katalon.core.main.TestCaseExecutor.runScript(TestCaseExecutor.java:448)
	at com.kms.katalon.core.main.TestCaseExecutor.doExecute(TestCaseExecutor.java:439)
	at com.kms.katalon.core.main.TestCaseExecutor.processExecutionPhase(TestCaseExecutor.java:418)
	at com.kms.katalon.core.main.TestCaseExecutor.accessMainPhase(TestCaseExecutor.java:410)
	at com.kms.katalon.core.main.TestCaseExecutor.execute(TestCaseExecutor.java:285)
	at com.kms.katalon.core.main.TestCaseExecutor.execute(TestCaseExecutor.java:369)
	at com.kms.katalon.core.main.TestCaseExecutor.execute(TestCaseExecutor.java:369)
	at com.kms.katalon.core.main.TestCaseExecutor.execute(TestCaseExecutor.java:369)
	at com.kms.katalon.core.common.CommonExecutor.accessTestCaseMainPhase(CommonExecutor.java:65)
	at com.kms.katalon.core.main.TestSuiteExecutor.accessTestSuiteMainPhase(TestSuiteExecutor.java:148)
	at com.kms.katalon.core.main.TestSuiteExecutor.execute(TestSuiteExecutor.java:106)
	at com.kms.katalon.core.main.TestCaseMain.startTestSuite(TestCaseMain.java:180)
	at TempTestSuite1706066177148.run(TempTestSuite1706066177148.groovy:36)
	at java.base/jdk.internal.reflect.NativeMethodAccessorImpl.invoke0(Native Method)
	at java.base/jdk.internal.reflect.NativeMethodAccessorImpl.invoke(NativeMethodAccessorImpl.java:77)
	at java.base/jdk.internal.reflect.DelegatingMethodAccessorImpl.invoke(DelegatingMethodAccessorImpl.java:43)
Caused by: com.kms.katalon.core.webui.exception.WebElementNotFoundException: Web element with id: 'Object Repository/Create Book Appointment CURA/Page_CURA Healthcare Service/label_Medicaid' located by '//section[@id='appointment']/div/div/form/div[3]/div/label[2]' not found
	at com.kms.katalon.core.webui.common.WebUiCommonHelper.findWebElement(WebUiCommonHelper.java:1379)
	at com.kms.katalon.core.webui.keyword.internal.WebUIAbstractKeyword.findWebElement(WebUIAbstractKeyword.groovy:27)
	at com.kms.katalon.core.webui.keyword.builtin.ClickKeyword$_click_closure1.doCall(ClickKeyword.groovy:65)
	at com.kms.katalon.core.webui.keyword.builtin.ClickKeyword$_click_closure1.call(ClickKeyword.groovy)
	at com.kms.katalon.core.webui.keyword.internal.WebUIKeywordMain.runKeyword(WebUIKeywordMain.groovy:20)
	... 23 more


24-01-2024T10:27:46 - [TEST_STEP][PASSED] - openBrowser(""): Browser is opened with url: ''

24-01-2024T10:27:46 - [MESSAGE][WARNING] - A browser is already opened. Closing browser and opening a new one

24-01-2024T10:27:48 - [MESSAGE][INFO] - User set preference: ['browserName', 'chrome']

24-01-2024T10:27:48 - [MESSAGE][INFO] - User set preference: ['platformName', 'Android']

24-01-2024T10:27:48 - [MESSAGE][INFO] - User set preference: ['browserVersion', 'latest']

24-01-2024T10:27:48 - [MESSAGE][INFO] - User set preference: ['deviceName', 'Samsung Samsung Galaxy Tab S9 Plus']

24-01-2024T10:27:48 - [MESSAGE][INFO] - User set preference: ['platformVersion', '13']

24-01-2024T10:27:48 - [MESSAGE][INFO] - User set preference: ['deviceId', 'samsung_galaxy_tab_s9_plus']

24-01-2024T10:27:48 - [MESSAGE][INFO] - User set preference: ['katalon:option', '{organizationId=1378372, tunnelId=, deviceVersion=13, deviceId=samsung_galaxy_tab_s9_plus, usingTunnel=false}']

24-01-2024T10:27:48 - [MESSAGE][INFO] - Connecting to remote web server 'testcloud.katalon.com/hub' with type 'Selenium'

24-01-2024T10:27:48 - [MESSAGE][INFO] - Action delay is set to 0 milliseconds

24-01-2024T10:28:36 - [MESSAGE][PASSED] - Browser is opened with url: ''

24-01-2024T10:28:36 - [TEST_STEP][PASSED] - navigateToUrl("https://katalon-demo-cura.herokuapp.com/"): Navigate to 'https://katalon-demo-cura.herokuapp.com/' successfully

24-01-2024T10:28:39 - [MESSAGE][PASSED] - Navigate to 'https://katalon-demo-cura.herokuapp.com/' successfully

24-01-2024T10:28:39 - [TEST_STEP][PASSED] - click(findTestObject("Object Repository/Create Book Appointment CURA/Page_CURA Healthcare Service/a_Make Appointment")): Object: 'Object Repository/Create Book Appointment CURA/Page_CURA Healthcare Service/a_Make Appointment' is clicked on

24-01-2024T10:28:45 - [MESSAGE][PASSED] - Object: 'Object Repository/Create Book Appointment CURA/Page_CURA Healthcare Service/a_Make Appointment' is clicked on

24-01-2024T10:28:45 - [TEST_STEP][PASSED] - setText(findTestObject("Object Repository/Create Book Appointment CURA/Page_CURA Healthcare Service/input_username"), "John Doe"): Text 'John Doe' is set on object 'Object Repository/Create Book Appointment CURA/Page_CURA Healthcare Service/input_username'

24-01-2024T10:29:00 - [MESSAGE][PASSED] - Text 'John Doe' is set on object 'Object Repository/Create Book Appointment CURA/Page_CURA Healthcare Service/input_username'

24-01-2024T10:29:00 - [TEST_STEP][PASSED] - setEncryptedText(findTestObject("Object Repository/Create Book Appointment CURA/Page_CURA Healthcare Service/input_password"), "g3/DOGG74jC3Flrr3yH+3D/yKbOqqUNM"): Text ****** has been set on object 'Object Repository/Create Book Appointment CURA/Page_CURA Healthcare Service/input_password'

24-01-2024T10:29:07 - [MESSAGE][PASSED] - Text ****** has been set on object 'Object Repository/Create Book Appointment CURA/Page_CURA Healthcare Service/input_password'

24-01-2024T10:29:07 - [TEST_STEP][PASSED] - click(findTestObject("Object Repository/Create Book Appointment CURA/Page_CURA Healthcare Service/button_Login")): Object: 'Object Repository/Create Book Appointment CURA/Page_CURA Healthcare Service/button_Login' is clicked on

24-01-2024T10:29:11 - [MESSAGE][PASSED] - Object: 'Object Repository/Create Book Appointment CURA/Page_CURA Healthcare Service/button_Login' is clicked on

24-01-2024T10:29:11 - [TEST_STEP][PASSED] - click(findTestObject("Object Repository/Create Book Appointment CURA/Page_CURA Healthcare Service/input_hospital_readmission")): Object: 'Object Repository/Create Book Appointment CURA/Page_CURA Healthcare Service/input_hospital_readmission' is clicked on

24-01-2024T10:29:44 - [MESSAGE][INFO] - Unable to find the element located by 'By.xpath: //input[@id='chk_hospotal_readmission']'. Please recheck the objects properties to make sure the desired element is located. 

24-01-2024T10:29:44 - [MESSAGE][WARNING] - [SELF-HEALING] Failed to find element with id 'Object Repository/Create Book Appointment CURA/Page_CURA Healthcare Service/input_hospital_readmission'. Try using Self-healing.

24-01-2024T10:29:46 - [MESSAGE][WARNING] - [SELF-HEALING] The current locator of test object 'Object Repository/Create Book Appointment CURA/Page_CURA Healthcare Service/input_hospital_readmission' was broken. Propose an alternative one: '//input'.

24-01-2024T10:29:48 - [MESSAGE][PASSED] - Object: 'Object Repository/Create Book Appointment CURA/Page_CURA Healthcare Service/input_hospital_readmission' is clicked on

24-01-2024T10:29:48 - [TEST_STEP][FAILED] - click(findTestObject("Object Repository/Create Book Appointment CURA/Page_CURA Healthcare Service/label_Medicaid")): Unable to click on object 'Object Repository/Create Book Appointment CURA/Page_CURA Healthcare Service/label_Medicaid' (Root cause: com.kms.katalon.core.exception.StepFailedException: Unable to click on object 'Object Repository/Create Book Appointment CURA/Page_CURA Healthcare Service/label_Medicaid'
	at com.kms.katalon.core.webui.keyword.internal.WebUIKeywordMain.stepFailed(WebUIKeywordMain.groovy:64)
	at com.kms.katalon.core.webui.keyword.internal.WebUIKeywordMain.runKeyword(WebUIKeywordMain.groovy:26)
	at com.kms.katalon.core.webui.keyword.builtin.ClickKeyword.click(ClickKeyword.groovy:74)
	at com.kms.katalon.core.webui.keyword.builtin.ClickKeyword.execute(ClickKeyword.groovy:40)
	at com.kms.katalon.core.keyword.internal.KeywordExecutor.executeKeywordForPlatform(KeywordExecutor.groovy:74)
	at com.kms.katalon.core.webui.keyword.WebUiBuiltInKeywords.click(WebUiBuiltInKeywords.groovy:659)
	at Create Book Appointment.run(Create Book Appointment:36)
	at com.kms.katalon.core.main.ScriptEngine.run(ScriptEngine.java:194)
	at com.kms.katalon.core.main.ScriptEngine.runScriptAsRawText(ScriptEngine.java:119)
	at com.kms.katalon.core.main.TestCaseExecutor.runScript(TestCaseExecutor.java:448)
	at com.kms.katalon.core.main.TestCaseExecutor.doExecute(TestCaseExecutor.java:439)
	at com.kms.katalon.core.main.TestCaseExecutor.processExecutionPhase(TestCaseExecutor.java:418)
	at com.kms.katalon.core.main.TestCaseExecutor.accessMainPhase(TestCaseExecutor.java:410)
	at com.kms.katalon.core.main.TestCaseExecutor.execute(TestCaseExecutor.java:285)
	at com.kms.katalon.core.main.TestCaseExecutor.execute(TestCaseExecutor.java:369)
	at com.kms.katalon.core.main.TestCaseExecutor.execute(TestCaseExecutor.java:369)
	at com.kms.katalon.core.main.TestCaseExecutor.execute(TestCaseExecutor.java:369)
	at com.kms.katalon.core.common.CommonExecutor.accessTestCaseMainPhase(CommonExecutor.java:65)
	at com.kms.katalon.core.main.TestSuiteExecutor.accessTestSuiteMainPhase(TestSuiteExecutor.java:148)
	at com.kms.katalon.core.main.TestSuiteExecutor.execute(TestSuiteExecutor.java:106)
	at com.kms.katalon.core.main.TestCaseMain.startTestSuite(TestCaseMain.java:180)
	at TempTestSuite1706066177148.run(TempTestSuite1706066177148.groovy:36)
	at java.base/jdk.internal.reflect.NativeMethodAccessorImpl.invoke0(Native Method)
	at java.base/jdk.internal.reflect.NativeMethodAccessorImpl.invoke(NativeMethodAccessorImpl.java:77)
	at java.base/jdk.internal.reflect.DelegatingMethodAccessorImpl.invoke(DelegatingMethodAccessorImpl.java:43)
Caused by: com.kms.katalon.core.webui.exception.WebElementNotFoundException: Web element with id: 'Object Repository/Create Book Appointment CURA/Page_CURA Healthcare Service/label_Medicaid' located by '//section[@id='appointment']/div/div/form/div[3]/div/label[2]' not found
	at com.kms.katalon.core.webui.common.WebUiCommonHelper.findWebElement(WebUiCommonHelper.java:1379)
	at com.kms.katalon.core.webui.keyword.internal.WebUIAbstractKeyword.findWebElement(WebUIAbstractKeyword.groovy:27)
	at com.kms.katalon.core.webui.keyword.builtin.ClickKeyword$_click_closure1.doCall(ClickKeyword.groovy:65)
	at com.kms.katalon.core.webui.keyword.builtin.ClickKeyword$_click_closure1.call(ClickKeyword.groovy)
	at com.kms.katalon.core.webui.keyword.internal.WebUIKeywordMain.runKeyword(WebUIKeywordMain.groovy:20)
	at com.kms.katalon.core.webui.keyword.builtin.ClickKeyword.click(ClickKeyword.groovy:74)
	at com.kms.katalon.core.webui.keyword.builtin.ClickKeyword.execute(ClickKeyword.groovy:40)
	at com.kms.katalon.core.keyword.internal.KeywordExecutor.executeKeywordForPlatform(KeywordExecutor.groovy:74)
	at com.kms.katalon.core.webui.keyword.WebUiBuiltInKeywords.click(WebUiBuiltInKeywords.groovy:659)
	at Script1706063842203.run(Script1706063842203.groovy:36)
	... 18 more
)

24-01-2024T10:30:20 - [MESSAGE][INFO] - Unable to find the element located by 'By.xpath: //section[@id='appointment']/div/div/form/div[3]/div/label[2]'. Please recheck the objects properties to make sure the desired element is located. 

24-01-2024T10:30:20 - [MESSAGE][WARNING] - [SELF-HEALING] Failed to find element with id 'Object Repository/Create Book Appointment CURA/Page_CURA Healthcare Service/label_Medicaid'. Try using Self-healing.

24-01-2024T10:30:23 - [MESSAGE][INFO] - [SELF-HEALING] Failed Locator: '//section[@id='appointment']/div/div/form/div[3]/div/label[2]'.

24-01-2024T10:30:26 - [MESSAGE][INFO] - [SELF-HEALING] Failed Locator: '//label[2]'.

24-01-2024T10:30:30 - [MESSAGE][INFO] - [SELF-HEALING] Failed Locator: '//label[(text() = '
                             Medicaid
                        ' or . = '
                             Medicaid
                        ')]'.

24-01-2024T10:30:32 - [MESSAGE][INFO] - Unable to find the element located by 'By.xpath: //*[(text() = '
                             Medicaid
                        ' or . = '
                             Medicaid
                        ')]'. Please recheck the objects properties to make sure the desired element is located. 

24-01-2024T10:30:37 - [MESSAGE][INFO] - Unable to find the element located by 'By.cssSelector: '. Please recheck the objects properties to make sure the desired element is located. 

24-01-2024T10:30:41 - [MESSAGE][FAILED] - Unable to click on object 'Object Repository/Create Book Appointment CURA/Page_CURA Healthcare Service/label_Medicaid' (Root cause: com.kms.katalon.core.exception.StepFailedException: Unable to click on object 'Object Repository/Create Book Appointment CURA/Page_CURA Healthcare Service/label_Medicaid'
	at com.kms.katalon.core.webui.keyword.internal.WebUIKeywordMain.stepFailed(WebUIKeywordMain.groovy:64)
	at com.kms.katalon.core.webui.keyword.internal.WebUIKeywordMain.runKeyword(WebUIKeywordMain.groovy:26)
	at com.kms.katalon.core.webui.keyword.builtin.ClickKeyword.click(ClickKeyword.groovy:74)
	at com.kms.katalon.core.webui.keyword.builtin.ClickKeyword.execute(ClickKeyword.groovy:40)
	at com.kms.katalon.core.keyword.internal.KeywordExecutor.executeKeywordForPlatform(KeywordExecutor.groovy:74)
	at com.kms.katalon.core.webui.keyword.WebUiBuiltInKeywords.click(WebUiBuiltInKeywords.groovy:659)
	at Create Book Appointment.run(Create Book Appointment:36)
	at com.kms.katalon.core.main.ScriptEngine.run(ScriptEngine.java:194)
	at com.kms.katalon.core.main.ScriptEngine.runScriptAsRawText(ScriptEngine.java:119)
	at com.kms.katalon.core.main.TestCaseExecutor.runScript(TestCaseExecutor.java:448)
	at com.kms.katalon.core.main.TestCaseExecutor.doExecute(TestCaseExecutor.java:439)
	at com.kms.katalon.core.main.TestCaseExecutor.processExecutionPhase(TestCaseExecutor.java:418)
	at com.kms.katalon.core.main.TestCaseExecutor.accessMainPhase(TestCaseExecutor.java:410)
	at com.kms.katalon.core.main.TestCaseExecutor.execute(TestCaseExecutor.java:285)
	at com.kms.katalon.core.main.TestCaseExecutor.execute(TestCaseExecutor.java:369)
	at com.kms.katalon.core.main.TestCaseExecutor.execute(TestCaseExecutor.java:369)
	at com.kms.katalon.core.main.TestCaseExecutor.execute(TestCaseExecutor.java:369)
	at com.kms.katalon.core.common.CommonExecutor.accessTestCaseMainPhase(CommonExecutor.java:65)
	at com.kms.katalon.core.main.TestSuiteExecutor.accessTestSuiteMainPhase(TestSuiteExecutor.java:148)
	at com.kms.katalon.core.main.TestSuiteExecutor.execute(TestSuiteExecutor.java:106)
	at com.kms.katalon.core.main.TestCaseMain.startTestSuite(TestCaseMain.java:180)
	at TempTestSuite1706066177148.run(TempTestSuite1706066177148.groovy:36)
	at java.base/jdk.internal.reflect.NativeMethodAccessorImpl.invoke0(Native Method)
	at java.base/jdk.internal.reflect.NativeMethodAccessorImpl.invoke(NativeMethodAccessorImpl.java:77)
	at java.base/jdk.internal.reflect.DelegatingMethodAccessorImpl.invoke(DelegatingMethodAccessorImpl.java:43)
Caused by: com.kms.katalon.core.webui.exception.WebElementNotFoundException: Web element with id: 'Object Repository/Create Book Appointment CURA/Page_CURA Healthcare Service/label_Medicaid' located by '//section[@id='appointment']/div/div/form/div[3]/div/label[2]' not found
	at com.kms.katalon.core.webui.common.WebUiCommonHelper.findWebElement(WebUiCommonHelper.java:1379)
	at com.kms.katalon.core.webui.keyword.internal.WebUIAbstractKeyword.findWebElement(WebUIAbstractKeyword.groovy:27)
	at com.kms.katalon.core.webui.keyword.builtin.ClickKeyword$_click_closure1.doCall(ClickKeyword.groovy:65)
	at com.kms.katalon.core.webui.keyword.builtin.ClickKeyword$_click_closure1.call(ClickKeyword.groovy)
	at com.kms.katalon.core.webui.keyword.internal.WebUIKeywordMain.runKeyword(WebUIKeywordMain.groovy:20)
	at com.kms.katalon.core.webui.keyword.builtin.ClickKeyword.click(ClickKeyword.groovy:74)
	at com.kms.katalon.core.webui.keyword.builtin.ClickKeyword.execute(ClickKeyword.groovy:40)
	at com.kms.katalon.core.keyword.internal.KeywordExecutor.executeKeywordForPlatform(KeywordExecutor.groovy:74)
	at com.kms.katalon.core.webui.keyword.WebUiBuiltInKeywords.click(WebUiBuiltInKeywords.groovy:659)
	at Script1706063842203.run(Script1706063842203.groovy:36)
	... 18 more
)
[[ATTACHMENT|D:\\AI Testing\\AI_Testing\\Reports\\20240124_101614\\CURA Health\\Create Book Appointment\\20240124_101617\\1706067037447.png]]]]></system-out>
         <system-err><![CDATA[24-01-2024T10:27:46 - [TEST_CASE][FAILED] - Test Cases/CURA Health/Create Book Appointment: Test Cases/CURA Health/Create Book Appointment FAILED.
Reason:
com.kms.katalon.core.exception.StepFailedException: Unable to click on object 'Object Repository/Create Book Appointment CURA/Page_CURA Healthcare Service/label_Medicaid'
	at com.kms.katalon.core.webui.keyword.internal.WebUIKeywordMain.stepFailed(WebUIKeywordMain.groovy:64)
	at com.kms.katalon.core.webui.keyword.internal.WebUIKeywordMain.runKeyword(WebUIKeywordMain.groovy:26)
	at com.kms.katalon.core.webui.keyword.builtin.ClickKeyword.click(ClickKeyword.groovy:74)
	at com.kms.katalon.core.webui.keyword.builtin.ClickKeyword.execute(ClickKeyword.groovy:40)
	at com.kms.katalon.core.keyword.internal.KeywordExecutor.executeKeywordForPlatform(KeywordExecutor.groovy:74)
	at com.kms.katalon.core.webui.keyword.WebUiBuiltInKeywords.click(WebUiBuiltInKeywords.groovy:659)
	at Create Book Appointment.run(Create Book Appointment:36)
	at com.kms.katalon.core.main.ScriptEngine.run(ScriptEngine.java:194)
	at com.kms.katalon.core.main.ScriptEngine.runScriptAsRawText(ScriptEngine.java:119)
	at com.kms.katalon.core.main.TestCaseExecutor.runScript(TestCaseExecutor.java:448)
	at com.kms.katalon.core.main.TestCaseExecutor.doExecute(TestCaseExecutor.java:439)
	at com.kms.katalon.core.main.TestCaseExecutor.processExecutionPhase(TestCaseExecutor.java:418)
	at com.kms.katalon.core.main.TestCaseExecutor.accessMainPhase(TestCaseExecutor.java:410)
	at com.kms.katalon.core.main.TestCaseExecutor.execute(TestCaseExecutor.java:285)
	at com.kms.katalon.core.main.TestCaseExecutor.execute(TestCaseExecutor.java:369)
	at com.kms.katalon.core.main.TestCaseExecutor.execute(TestCaseExecutor.java:369)
	at com.kms.katalon.core.main.TestCaseExecutor.execute(TestCaseExecutor.java:369)
	at com.kms.katalon.core.common.CommonExecutor.accessTestCaseMainPhase(CommonExecutor.java:65)
	at com.kms.katalon.core.main.TestSuiteExecutor.accessTestSuiteMainPhase(TestSuiteExecutor.java:148)
	at com.kms.katalon.core.main.TestSuiteExecutor.execute(TestSuiteExecutor.java:106)
	at com.kms.katalon.core.main.TestCaseMain.startTestSuite(TestCaseMain.java:180)
	at TempTestSuite1706066177148.run(TempTestSuite1706066177148.groovy:36)
	at java.base/jdk.internal.reflect.NativeMethodAccessorImpl.invoke0(Native Method)
	at java.base/jdk.internal.reflect.NativeMethodAccessorImpl.invoke(NativeMethodAccessorImpl.java:77)
	at java.base/jdk.internal.reflect.DelegatingMethodAccessorImpl.invoke(DelegatingMethodAccessorImpl.java:43)
Caused by: com.kms.katalon.core.webui.exception.WebElementNotFoundException: Web element with id: 'Object Repository/Create Book Appointment CURA/Page_CURA Healthcare Service/label_Medicaid' located by '//section[@id='appointment']/div/div/form/div[3]/div/label[2]' not found
	at com.kms.katalon.core.webui.common.WebUiCommonHelper.findWebElement(WebUiCommonHelper.java:1379)
	at com.kms.katalon.core.webui.keyword.internal.WebUIAbstractKeyword.findWebElement(WebUIAbstractKeyword.groovy:27)
	at com.kms.katalon.core.webui.keyword.builtin.ClickKeyword$_click_closure1.doCall(ClickKeyword.groovy:65)
	at com.kms.katalon.core.webui.keyword.builtin.ClickKeyword$_click_closure1.call(ClickKeyword.groovy)
	at com.kms.katalon.core.webui.keyword.internal.WebUIKeywordMain.runKeyword(WebUIKeywordMain.groovy:20)
	... 23 more]]></system-err>
      </testcase>
      <system-out><![CDATA[24-01-2024T10:18:24 - [TEST_SUITE][FAILED] - Create Book Appointment: Test Cases/CURA Health/Create Book Appointment FAILED.
Reason:
com.kms.katalon.core.exception.StepFailedException: Unable to click on object 'Object Repository/Create Book Appointment CURA/Page_CURA Healthcare Service/label_Medicaid'
	at com.kms.katalon.core.webui.keyword.internal.WebUIKeywordMain.stepFailed(WebUIKeywordMain.groovy:64)
	at com.kms.katalon.core.webui.keyword.internal.WebUIKeywordMain.runKeyword(WebUIKeywordMain.groovy:26)
	at com.kms.katalon.core.webui.keyword.builtin.ClickKeyword.click(ClickKeyword.groovy:74)
	at com.kms.katalon.core.webui.keyword.builtin.ClickKeyword.execute(ClickKeyword.groovy:40)
	at com.kms.katalon.core.keyword.internal.KeywordExecutor.executeKeywordForPlatform(KeywordExecutor.groovy:74)
	at com.kms.katalon.core.webui.keyword.WebUiBuiltInKeywords.click(WebUiBuiltInKeywords.groovy:659)
	at Create Book Appointment.run(Create Book Appointment:36)
	at com.kms.katalon.core.main.ScriptEngine.run(ScriptEngine.java:194)
	at com.kms.katalon.core.main.ScriptEngine.runScriptAsRawText(ScriptEngine.java:119)
	at com.kms.katalon.core.main.TestCaseExecutor.runScript(TestCaseExecutor.java:448)
	at com.kms.katalon.core.main.TestCaseExecutor.doExecute(TestCaseExecutor.java:439)
	at com.kms.katalon.core.main.TestCaseExecutor.processExecutionPhase(TestCaseExecutor.java:418)
	at com.kms.katalon.core.main.TestCaseExecutor.accessMainPhase(TestCaseExecutor.java:410)
	at com.kms.katalon.core.main.TestCaseExecutor.execute(TestCaseExecutor.java:285)
	at com.kms.katalon.core.common.CommonExecutor.accessTestCaseMainPhase(CommonExecutor.java:65)
	at com.kms.katalon.core.main.TestSuiteExecutor.accessTestSuiteMainPhase(TestSuiteExecutor.java:148)
	at com.kms.katalon.core.main.TestSuiteExecutor.execute(TestSuiteExecutor.java:106)
	at com.kms.katalon.core.main.TestCaseMain.startTestSuite(TestCaseMain.java:180)
	at TempTestSuite1706066177148.run(TempTestSuite1706066177148.groovy:36)
	at java.base/jdk.internal.reflect.NativeMethodAccessorImpl.invoke0(Native Method)
	at java.base/jdk.internal.reflect.NativeMethodAccessorImpl.invoke(NativeMethodAccessorImpl.java:77)
	at java.base/jdk.internal.reflect.DelegatingMethodAccessorImpl.invoke(DelegatingMethodAccessorImpl.java:43)
Caused by: com.kms.katalon.core.webui.exception.WebElementNotFoundException: Web element with id: 'Object Repository/Create Book Appointment CURA/Page_CURA Healthcare Service/label_Medicaid' located by '//section[@id='appointment']/div/div/form/div[3]/div/label[2]' not found
	at com.kms.katalon.core.webui.common.WebUiCommonHelper.findWebElement(WebUiCommonHelper.java:1379)
	at com.kms.katalon.core.webui.keyword.internal.WebUIAbstractKeyword.findWebElement(WebUIAbstractKeyword.groovy:27)
	at com.kms.katalon.core.webui.keyword.builtin.ClickKeyword$_click_closure1.doCall(ClickKeyword.groovy:65)
	at com.kms.katalon.core.webui.keyword.builtin.ClickKeyword$_click_closure1.call(ClickKeyword.groovy)
	at com.kms.katalon.core.webui.keyword.internal.WebUIKeywordMain.runKeyword(WebUIKeywordMain.groovy:20)
	... 20 more]]></system-out>
      <system-err><![CDATA[24-01-2024T10:18:24 - [TEST_SUITE][FAILED] - Create Book Appointment: Test Cases/CURA Health/Create Book Appointment FAILED.
Reason:
com.kms.katalon.core.exception.StepFailedException: Unable to click on object 'Object Repository/Create Book Appointment CURA/Page_CURA Healthcare Service/label_Medicaid'
	at com.kms.katalon.core.webui.keyword.internal.WebUIKeywordMain.stepFailed(WebUIKeywordMain.groovy:64)
	at com.kms.katalon.core.webui.keyword.internal.WebUIKeywordMain.runKeyword(WebUIKeywordMain.groovy:26)
	at com.kms.katalon.core.webui.keyword.builtin.ClickKeyword.click(ClickKeyword.groovy:74)
	at com.kms.katalon.core.webui.keyword.builtin.ClickKeyword.execute(ClickKeyword.groovy:40)
	at com.kms.katalon.core.keyword.internal.KeywordExecutor.executeKeywordForPlatform(KeywordExecutor.groovy:74)
	at com.kms.katalon.core.webui.keyword.WebUiBuiltInKeywords.click(WebUiBuiltInKeywords.groovy:659)
	at Create Book Appointment.run(Create Book Appointment:36)
	at com.kms.katalon.core.main.ScriptEngine.run(ScriptEngine.java:194)
	at com.kms.katalon.core.main.ScriptEngine.runScriptAsRawText(ScriptEngine.java:119)
	at com.kms.katalon.core.main.TestCaseExecutor.runScript(TestCaseExecutor.java:448)
	at com.kms.katalon.core.main.TestCaseExecutor.doExecute(TestCaseExecutor.java:439)
	at com.kms.katalon.core.main.TestCaseExecutor.processExecutionPhase(TestCaseExecutor.java:418)
	at com.kms.katalon.core.main.TestCaseExecutor.accessMainPhase(TestCaseExecutor.java:410)
	at com.kms.katalon.core.main.TestCaseExecutor.execute(TestCaseExecutor.java:285)
	at com.kms.katalon.core.common.CommonExecutor.accessTestCaseMainPhase(CommonExecutor.java:65)
	at com.kms.katalon.core.main.TestSuiteExecutor.accessTestSuiteMainPhase(TestSuiteExecutor.java:148)
	at com.kms.katalon.core.main.TestSuiteExecutor.execute(TestSuiteExecutor.java:106)
	at com.kms.katalon.core.main.TestCaseMain.startTestSuite(TestCaseMain.java:180)
	at TempTestSuite1706066177148.run(TempTestSuite1706066177148.groovy:36)
	at java.base/jdk.internal.reflect.NativeMethodAccessorImpl.invoke0(Native Method)
	at java.base/jdk.internal.reflect.NativeMethodAccessorImpl.invoke(NativeMethodAccessorImpl.java:77)
	at java.base/jdk.internal.reflect.DelegatingMethodAccessorImpl.invoke(DelegatingMethodAccessorImpl.java:43)
Caused by: com.kms.katalon.core.webui.exception.WebElementNotFoundException: Web element with id: 'Object Repository/Create Book Appointment CURA/Page_CURA Healthcare Service/label_Medicaid' located by '//section[@id='appointment']/div/div/form/div[3]/div/label[2]' not found
	at com.kms.katalon.core.webui.common.WebUiCommonHelper.findWebElement(WebUiCommonHelper.java:1379)
	at com.kms.katalon.core.webui.keyword.internal.WebUIAbstractKeyword.findWebElement(WebUIAbstractKeyword.groovy:27)
	at com.kms.katalon.core.webui.keyword.builtin.ClickKeyword$_click_closure1.doCall(ClickKeyword.groovy:65)
	at com.kms.katalon.core.webui.keyword.builtin.ClickKeyword$_click_closure1.call(ClickKeyword.groovy)
	at com.kms.katalon.core.webui.keyword.internal.WebUIKeywordMain.runKeyword(WebUIKeywordMain.groovy:20)
	... 20 more]]></system-err>
   </testsuite>
</testsuites>
